2016-01-17 09:57:01,275:275.362014771 - ubuntu_sso.utils.translation - WARNING - Translations not found, using null translator.
2016-01-17 09:57:01,292:292.965888977 - ubuntu_sso.main - INFO - Setting up Ubuntu SSO service.
2016-01-17 09:57:01,296:296.164035797 - ubuntu_sso.main - INFO - Ubuntu SSO service started.
2016-01-17 09:57:01,296:296.284914017 - ubuntu_sso.account - INFO - Creating a new SSO access layer for service url u'https://login.ubuntu.com/api/1.0/'
2016-01-17 09:57:01,302:302.776098251 - ubuntu_sso.credentials - INFO - find_credentials: self.app_name dbus.String(u'Ubuntu One'), result is {}? True
2016-01-17 09:57:01,302:302.927970886 - ubuntu_sso.main - INFO - 'CredentialsManagement': emitting 'CredentialsNotFound' with args (dbus.String(u'Ubuntu One'),) and kwargs {}
2016-01-17 09:57:11,312:312.680959702 - ubuntu_sso.main - INFO - Shutting down, calling <function shutdown_func at 0x7f883d35f8c0>.
2016-01-18 17:48:17,040:40.3819084167 - ubuntu_sso.utils.translation - WARNING - Translations not found, using null translator.
2016-01-18 17:48:17,069:69.5359706879 - ubuntu_sso.main - INFO - Setting up Ubuntu SSO service.
2016-01-18 17:48:17,072:72.6640224457 - ubuntu_sso.main - INFO - Ubuntu SSO service started.
2016-01-18 17:48:17,072:72.7779865265 - ubuntu_sso.account - INFO - Creating a new SSO access layer for service url u'https://login.ubuntu.com/api/1.0/'
2016-01-18 17:48:17,078:78.3360004425 - ubuntu_sso.credentials - INFO - find_credentials: self.app_name dbus.String(u'Ubuntu One'), result is {}? True
2016-01-18 17:48:17,078:78.5090923309 - ubuntu_sso.main - INFO - 'CredentialsManagement': emitting 'CredentialsNotFound' with args (dbus.String(u'Ubuntu One'),) and kwargs {}
2016-01-18 17:48:27,089:89.2720222473 - ubuntu_sso.main - INFO - Shutting down, calling <function shutdown_func at 0x7f4b7fa848c0>.
2016-01-19 16:41:16,438:438.657999039 - ubuntu_sso.utils.translation - WARNING - Translations not found, using null translator.
2016-01-19 16:41:16,500:500.502109528 - ubuntu_sso.main - INFO - Setting up Ubuntu SSO service.
2016-01-19 16:41:16,514:514.592885971 - ubuntu_sso.main - INFO - Ubuntu SSO service started.
2016-01-19 16:41:16,515:515.100955963 - ubuntu_sso.account - INFO - Creating a new SSO access layer for service url u'https://login.ubuntu.com/api/1.0/'
2016-01-19 16:41:16,541:541.723012924 - ubuntu_sso.credentials - INFO - find_credentials: self.app_name dbus.String(u'Ubuntu One'), result is {}? True
2016-01-19 16:41:16,542:542.104005814 - ubuntu_sso.main - INFO - 'CredentialsManagement': emitting 'CredentialsNotFound' with args (dbus.String(u'Ubuntu One'),) and kwargs {}
2016-01-19 16:41:26,547:547.911882401 - ubuntu_sso.main - INFO - Shutting down, calling <function shutdown_func at 0x7fc94be7e8c0>.
2016-01-19 16:46:16,841:841.562986374 - ubuntu_sso.utils.translation - WARNING - Translations not found, using null translator.
2016-01-19 16:46:16,852:852.70190239 - ubuntu_sso.main - INFO - Setting up Ubuntu SSO service.
2016-01-19 16:46:16,855:855.875015259 - ubuntu_sso.main - INFO - Ubuntu SSO service started.
2016-01-19 16:46:16,856:856.004953384 - ubuntu_sso.account - INFO - Creating a new SSO access layer for service url u'https://login.ubuntu.com/api/1.0/'
2016-01-19 16:46:16,861:861.207962036 - ubuntu_sso.credentials - INFO - find_credentials: self.app_name dbus.String(u'Ubuntu One'), result is {}? True
2016-01-19 16:46:16,861:861.347913742 - ubuntu_sso.main - INFO - 'CredentialsManagement': emitting 'CredentialsNotFound' with args (dbus.String(u'Ubuntu One'),) and kwargs {}
2016-01-19 16:46:26,865:865.119934082 - ubuntu_sso.main - INFO - Shutting down, calling <function shutdown_func at 0x7f8b688f28c0>.
2016-01-19 17:32:15,825:825.918912888 - ubuntu_sso.utils.translation - WARNING - Translations not found, using null translator.
2016-01-19 17:32:15,836:836.586952209 - ubuntu_sso.main - INFO - Setting up Ubuntu SSO service.
2016-01-19 17:32:15,839:839.900016785 - ubuntu_sso.main - INFO - Ubuntu SSO service started.
2016-01-19 17:32:15,840:840.023040771 - ubuntu_sso.account - INFO - Creating a new SSO access layer for service url u'https://login.ubuntu.com/api/1.0/'
2016-01-19 17:32:15,845:845.310926437 - ubuntu_sso.credentials - INFO - find_credentials: self.app_name dbus.String(u'Ubuntu One'), result is {}? True
2016-01-19 17:32:15,845:845.444917679 - ubuntu_sso.main - INFO - 'CredentialsManagement': emitting 'CredentialsNotFound' with args (dbus.String(u'Ubuntu One'),) and kwargs {}
2016-01-19 17:32:25,856:856.245040894 - ubuntu_sso.main - INFO - Shutting down, calling <function shutdown_func at 0x7f22b7e8d8c0>.
2016-01-19 17:37:15,825:825.20699501 - ubuntu_sso.utils.translation - WARNING - Translations not found, using null translator.
2016-01-19 17:37:15,835:835.902929306 - ubuntu_sso.main - INFO - Setting up Ubuntu SSO service.
2016-01-19 17:37:15,838:838.979005814 - ubuntu_sso.main - INFO - Ubuntu SSO service started.
2016-01-19 17:37:15,839:839.138031006 - ubuntu_sso.account - INFO - Creating a new SSO access layer for service url u'https://login.ubuntu.com/api/1.0/'
2016-01-19 17:37:15,844:844.54703331 - ubuntu_sso.credentials - INFO - find_credentials: self.app_name dbus.String(u'Ubuntu One'), result is {}? True
2016-01-19 17:37:15,844:844.686031342 - ubuntu_sso.main - INFO - 'CredentialsManagement': emitting 'CredentialsNotFound' with args (dbus.String(u'Ubuntu One'),) and kwargs {}
2016-01-19 17:37:25,851:851.962089539 - ubuntu_sso.main - INFO - Shutting down, calling <function shutdown_func at 0x7f4bbc8608c0>.
2016-01-19 17:42:15,824:824.106931686 - ubuntu_sso.utils.translation - WARNING - Translations not found, using null translator.
2016-01-19 17:42:15,834:834.721088409 - ubuntu_sso.main - INFO - Setting up Ubuntu SSO service.
2016-01-19 17:42:15,837:837.939023972 - ubuntu_sso.main - INFO - Ubuntu SSO service started.
2016-01-19 17:42:15,838:838.057041168 - ubuntu_sso.account - INFO - Creating a new SSO access layer for service url u'https://login.ubuntu.com/api/1.0/'
2016-01-19 17:42:15,843:843.373060226 - ubuntu_sso.credentials - INFO - find_credentials: self.app_name dbus.String(u'Ubuntu One'), result is {}? True
2016-01-19 17:42:15,843:843.571901321 - ubuntu_sso.main - INFO - 'CredentialsManagement': emitting 'CredentialsNotFound' with args (dbus.String(u'Ubuntu One'),) and kwargs {}
2016-01-19 17:42:25,851:851.047992706 - ubuntu_sso.main - INFO - Shutting down, calling <function shutdown_func at 0x7f4d0da338c0>.
2016-01-19 18:08:25,969:969.717025757 - ubuntu_sso.utils.translation - WARNING - Translations not found, using null translator.
2016-01-19 18:08:25,982:982.100963593 - ubuntu_sso.main - INFO - Setting up Ubuntu SSO service.
2016-01-19 18:08:25,985:985.327959061 - ubuntu_sso.main - INFO - Ubuntu SSO service started.
2016-01-19 18:08:25,985:985.498905182 - ubuntu_sso.account - INFO - Creating a new SSO access layer for service url u'https://login.ubuntu.com/api/1.0/'
2016-01-19 18:08:25,990:990.669965744 - ubuntu_sso.credentials - INFO - find_credentials: self.app_name dbus.String(u'Ubuntu One'), result is {}? True
2016-01-19 18:08:25,990:990.803003311 - ubuntu_sso.main - INFO - 'CredentialsManagement': emitting 'CredentialsNotFound' with args (dbus.String(u'Ubuntu One'),) and kwargs {}
2016-01-19 18:08:35,999:999.706983566 - ubuntu_sso.main - INFO - Shutting down, calling <function shutdown_func at 0x7fd11be4c8c0>.
2016-01-19 18:13:25,976:976.052045822 - ubuntu_sso.utils.translation - WARNING - Translations not found, using null translator.
2016-01-19 18:13:25,987:987.039089203 - ubuntu_sso.main - INFO - Setting up Ubuntu SSO service.
2016-01-19 18:13:25,990:990.22102356 - ubuntu_sso.main - INFO - Ubuntu SSO service started.
2016-01-19 18:13:25,990:990.341901779 - ubuntu_sso.account - INFO - Creating a new SSO access layer for service url u'https://login.ubuntu.com/api/1.0/'
2016-01-19 18:13:25,995:995.688915253 - ubuntu_sso.credentials - INFO - find_credentials: self.app_name dbus.String(u'Ubuntu One'), result is {}? True
2016-01-19 18:13:25,995:995.826005936 - ubuntu_sso.main - INFO - 'CredentialsManagement': emitting 'CredentialsNotFound' with args (dbus.String(u'Ubuntu One'),) and kwargs {}
2016-01-19 18:13:36,000:0.0801086425781 - ubuntu_sso.main - INFO - Shutting down, calling <function shutdown_func at 0x7f965bb0c8c0>.
2016-01-19 18:18:26,002:2.60400772095 - ubuntu_sso.utils.translation - WARNING - Translations not found, using null translator.
2016-01-19 18:18:26,013:13.5850906372 - ubuntu_sso.main - INFO - Setting up Ubuntu SSO service.
2016-01-19 18:18:26,016:16.8659687042 - ubuntu_sso.main - INFO - Ubuntu SSO service started.
2016-01-19 18:18:26,016:16.9920921326 - ubuntu_sso.account - INFO - Creating a new SSO access layer for service url u'https://login.ubuntu.com/api/1.0/'
2016-01-19 18:18:26,022:22.805929184 - ubuntu_sso.credentials - INFO - find_credentials: self.app_name dbus.String(u'Ubuntu One'), result is {}? True
2016-01-19 18:18:26,022:22.9549407959 - ubuntu_sso.main - INFO - 'CredentialsManagement': emitting 'CredentialsNotFound' with args (dbus.String(u'Ubuntu One'),) and kwargs {}
2016-01-19 18:18:36,033:33.9241027832 - ubuntu_sso.main - INFO - Shutting down, calling <function shutdown_func at 0x7f8f8af798c0>.
2016-01-21 09:50:36,214:214.221000671 - ubuntu_sso.utils.translation - WARNING - Translations not found, using null translator.
2016-01-21 09:50:36,240:240.716934204 - ubuntu_sso.main - INFO - Setting up Ubuntu SSO service.
2016-01-21 09:50:36,244:244.543075562 - ubuntu_sso.main - INFO - Ubuntu SSO service started.
2016-01-21 09:50:36,244:244.664907455 - ubuntu_sso.account - INFO - Creating a new SSO access layer for service url u'https://login.ubuntu.com/api/1.0/'
2016-01-21 09:50:36,250:250.593900681 - ubuntu_sso.credentials - INFO - find_credentials: self.app_name dbus.String(u'Ubuntu One'), result is {}? True
2016-01-21 09:50:36,250:250.735998154 - ubuntu_sso.main - INFO - 'CredentialsManagement': emitting 'CredentialsNotFound' with args (dbus.String(u'Ubuntu One'),) and kwargs {}
2016-01-21 09:50:46,251:251.895904541 - ubuntu_sso.main - INFO - Shutting down, calling <function shutdown_func at 0x7f85fa0848c0>.
2016-01-21 09:55:36,943:943.110942841 - ubuntu_sso.utils.translation - WARNING - Translations not found, using null translator.
2016-01-21 09:55:36,953:953.732013702 - ubuntu_sso.main - INFO - Setting up Ubuntu SSO service.
2016-01-21 09:55:36,957:957.407951355 - ubuntu_sso.main - INFO - Ubuntu SSO service started.
2016-01-21 09:55:36,957:957.529067993 - ubuntu_sso.account - INFO - Creating a new SSO access layer for service url u'https://login.ubuntu.com/api/1.0/'
2016-01-21 09:55:36,962:962.907075882 - ubuntu_sso.credentials - INFO - find_credentials: self.app_name dbus.String(u'Ubuntu One'), result is {}? True
2016-01-21 09:55:36,963:963.089942932 - ubuntu_sso.main - INFO - 'CredentialsManagement': emitting 'CredentialsNotFound' with args (dbus.String(u'Ubuntu One'),) and kwargs {}
2016-01-21 09:55:46,973:973.962068558 - ubuntu_sso.main - INFO - Shutting down, calling <function shutdown_func at 0x7f92cdb518c0>.
2016-01-25 08:31:45,222:222.991943359 - ubuntu_sso.utils.translation - WARNING - Translations not found, using null translator.
2016-01-25 08:31:45,297:297.86491394 - ubuntu_sso.main - INFO - Setting up Ubuntu SSO service.
2016-01-25 08:31:45,302:302.500963211 - ubuntu_sso.main - INFO - Ubuntu SSO service started.
2016-01-25 08:31:45,302:302.69408226 - ubuntu_sso.account - INFO - Creating a new SSO access layer for service url u'https://login.ubuntu.com/api/1.0/'
2016-01-25 08:31:45,309:309.990882874 - ubuntu_sso.credentials - INFO - find_credentials: self.app_name dbus.String(u'Ubuntu One'), result is {}? True
2016-01-25 08:31:45,310:310.156106949 - ubuntu_sso.main - INFO - 'CredentialsManagement': emitting 'CredentialsNotFound' with args (dbus.String(u'Ubuntu One'),) and kwargs {}
2016-01-25 08:31:55,321:321.03395462 - ubuntu_sso.main - INFO - Shutting down, calling <function shutdown_func at 0x7f741638b8c0>.
2016-01-25 08:36:46,098:98.3500480652 - ubuntu_sso.utils.translation - WARNING - Translations not found, using null translator.
2016-01-25 08:36:46,114:114.172935486 - ubuntu_sso.main - INFO - Setting up Ubuntu SSO service.
2016-01-25 08:36:46,119:119.806051254 - ubuntu_sso.main - INFO - Ubuntu SSO service started.
2016-01-25 08:36:46,119:119.960069656 - ubuntu_sso.account - INFO - Creating a new SSO access layer for service url u'https://login.ubuntu.com/api/1.0/'
2016-01-25 08:36:46,127:127.034902573 - ubuntu_sso.credentials - INFO - find_credentials: self.app_name dbus.String(u'Ubuntu One'), result is {}? True
2016-01-25 08:36:46,127:127.258062363 - ubuntu_sso.main - INFO - 'CredentialsManagement': emitting 'CredentialsNotFound' with args (dbus.String(u'Ubuntu One'),) and kwargs {}
2016-01-25 08:36:56,132:132.508993149 - ubuntu_sso.main - INFO - Shutting down, calling <function shutdown_func at 0x7fd6b2ece8c0>.
2016-01-25 08:41:46,074:74.2440223694 - ubuntu_sso.utils.translation - WARNING - Translations not found, using null translator.
2016-01-25 08:41:46,085:85.0310325623 - ubuntu_sso.main - INFO - Setting up Ubuntu SSO service.
2016-01-25 08:41:46,088:88.6399745941 - ubuntu_sso.main - INFO - Ubuntu SSO service started.
2016-01-25 08:41:46,088:88.8640880585 - ubuntu_sso.account - INFO - Creating a new SSO access layer for service url u'https://login.ubuntu.com/api/1.0/'
2016-01-25 08:41:46,094:94.300031662 - ubuntu_sso.credentials - INFO - find_credentials: self.app_name dbus.String(u'Ubuntu One'), result is {}? True
2016-01-25 08:41:46,094:94.4390296936 - ubuntu_sso.main - INFO - 'CredentialsManagement': emitting 'CredentialsNotFound' with args (dbus.String(u'Ubuntu One'),) and kwargs {}
2016-01-25 08:41:56,105:105.81111908 - ubuntu_sso.main - INFO - Shutting down, calling <function shutdown_func at 0x7fa3787cf8c0>.
2016-01-28 09:52:04,105:105.350971222 - ubuntu_sso.utils.translation - WARNING - Translations not found, using null translator.
2016-01-28 09:52:04,139:139.894008636 - ubuntu_sso.main - INFO - Setting up Ubuntu SSO service.
2016-01-28 09:52:04,143:143.933057785 - ubuntu_sso.main - INFO - Ubuntu SSO service started.
2016-01-28 09:52:04,144:144.067049026 - ubuntu_sso.account - INFO - Creating a new SSO access layer for service url u'https://login.ubuntu.com/api/1.0/'
2016-01-28 09:52:04,149:149.727106094 - ubuntu_sso.credentials - INFO - find_credentials: self.app_name dbus.String(u'Ubuntu One'), result is {}? True
2016-01-28 09:52:04,149:149.86205101 - ubuntu_sso.main - INFO - 'CredentialsManagement': emitting 'CredentialsNotFound' with args (dbus.String(u'Ubuntu One'),) and kwargs {}
2016-01-28 09:52:14,152:152.96792984 - ubuntu_sso.main - INFO - Shutting down, calling <function shutdown_func at 0x7febdbc098c0>.
2016-01-28 09:57:04,873:873.037099838 - ubuntu_sso.utils.translation - WARNING - Translations not found, using null translator.
2016-01-28 09:57:04,883:883.687973022 - ubuntu_sso.main - INFO - Setting up Ubuntu SSO service.
2016-01-28 09:57:04,887:887.382984161 - ubuntu_sso.main - INFO - Ubuntu SSO service started.
2016-01-28 09:57:04,887:887.505054474 - ubuntu_sso.account - INFO - Creating a new SSO access layer for service url u'https://login.ubuntu.com/api/1.0/'
2016-01-28 09:57:04,892:892.674922943 - ubuntu_sso.credentials - INFO - find_credentials: self.app_name dbus.String(u'Ubuntu One'), result is {}? True
2016-01-28 09:57:04,892:892.80796051 - ubuntu_sso.main - INFO - 'CredentialsManagement': emitting 'CredentialsNotFound' with args (dbus.String(u'Ubuntu One'),) and kwargs {}
2016-01-28 09:57:14,904:904.46805954 - ubuntu_sso.main - INFO - Shutting down, calling <function shutdown_func at 0x7f71ddb4f8c0>.
2016-02-01 08:17:08,924:924.844026566 - ubuntu_sso.utils.translation - WARNING - Translations not found, using null translator.
2016-02-01 08:17:08,961:961.934089661 - ubuntu_sso.main - INFO - Setting up Ubuntu SSO service.
2016-02-01 08:17:08,971:971.265077591 - ubuntu_sso.main - INFO - Ubuntu SSO service started.
2016-02-01 08:17:08,971:971.398115158 - ubuntu_sso.account - INFO - Creating a new SSO access layer for service url u'https://login.ubuntu.com/api/1.0/'
2016-02-01 08:17:08,989:989.943027496 - ubuntu_sso.credentials - INFO - find_credentials: self.app_name dbus.String(u'Ubuntu One'), result is {}? True
2016-02-01 08:17:08,990:990.145921707 - ubuntu_sso.main - INFO - 'CredentialsManagement': emitting 'CredentialsNotFound' with args (dbus.String(u'Ubuntu One'),) and kwargs {}
2016-02-01 08:17:19,000:0.709056854248 - ubuntu_sso.main - INFO - Shutting down, calling <function shutdown_func at 0x7f31471e08c0>.
2016-02-01 08:22:09,632:632.097005844 - ubuntu_sso.utils.translation - WARNING - Translations not found, using null translator.
2016-02-01 08:22:09,643:643.872976303 - ubuntu_sso.main - INFO - Setting up Ubuntu SSO service.
2016-02-01 08:22:09,647:647.888898849 - ubuntu_sso.main - INFO - Ubuntu SSO service started.
2016-02-01 08:22:09,648:648.097038269 - ubuntu_sso.account - INFO - Creating a new SSO access layer for service url u'https://login.ubuntu.com/api/1.0/'
2016-02-01 08:22:09,653:653.67603302 - ubuntu_sso.credentials - INFO - find_credentials: self.app_name dbus.String(u'Ubuntu One'), result is {}? True
2016-02-01 08:22:09,653:653.820991516 - ubuntu_sso.main - INFO - 'CredentialsManagement': emitting 'CredentialsNotFound' with args (dbus.String(u'Ubuntu One'),) and kwargs {}
2016-02-01 08:22:19,664:664.611101151 - ubuntu_sso.main - INFO - Shutting down, calling <function shutdown_func at 0x7f8e0a69f8c0>.
2016-02-01 08:29:08,640:640.300989151 - ubuntu_sso.utils.translation - WARNING - Translations not found, using null translator.
2016-02-01 08:29:08,650:650.990962982 - ubuntu_sso.main - INFO - Setting up Ubuntu SSO service.
2016-02-01 08:29:08,654:654.809951782 - ubuntu_sso.main - INFO - Ubuntu SSO service started.
2016-02-01 08:29:08,654:654.934883118 - ubuntu_sso.account - INFO - Creating a new SSO access layer for service url u'https://login.ubuntu.com/api/1.0/'
2016-02-01 08:29:08,660:660.248994827 - ubuntu_sso.credentials - INFO - find_credentials: self.app_name dbus.String(u'Ubuntu One'), result is {}? True
2016-02-01 08:29:08,660:660.38608551 - ubuntu_sso.main - INFO - 'CredentialsManagement': emitting 'CredentialsNotFound' with args (dbus.String(u'Ubuntu One'),) and kwargs {}
2016-02-01 08:29:18,666:666.724920273 - ubuntu_sso.main - INFO - Shutting down, calling <function shutdown_func at 0x7f1cb3f2b8c0>.
2016-02-01 08:34:08,638:638.225078583 - ubuntu_sso.utils.translation - WARNING - Translations not found, using null translator.
2016-02-01 08:34:08,659:659.785985947 - ubuntu_sso.main - INFO - Setting up Ubuntu SSO service.
2016-02-01 08:34:08,663:663.649082184 - ubuntu_sso.main - INFO - Ubuntu SSO service started.
2016-02-01 08:34:08,663:663.774013519 - ubuntu_sso.account - INFO - Creating a new SSO access layer for service url u'https://login.ubuntu.com/api/1.0/'
2016-02-01 08:34:08,669:669.086933136 - ubuntu_sso.credentials - INFO - find_credentials: self.app_name dbus.String(u'Ubuntu One'), result is {}? True
2016-02-01 08:34:08,669:669.26908493 - ubuntu_sso.main - INFO - 'CredentialsManagement': emitting 'CredentialsNotFound' with args (dbus.String(u'Ubuntu One'),) and kwargs {}
2016-02-01 08:34:18,680:680.088996887 - ubuntu_sso.main - INFO - Shutting down, calling <function shutdown_func at 0x7fd45fa2a8c0>.
2016-02-04 09:50:55,608:608.872890472 - ubuntu_sso.utils.translation - WARNING - Translations not found, using null translator.
2016-02-04 09:50:55,643:643.714904785 - ubuntu_sso.main - INFO - Setting up Ubuntu SSO service.
2016-02-04 09:50:55,647:647.409915924 - ubuntu_sso.main - INFO - Ubuntu SSO service started.
2016-02-04 09:50:55,647:647.543907166 - ubuntu_sso.account - INFO - Creating a new SSO access layer for service url u'https://login.ubuntu.com/api/1.0/'
2016-02-04 09:50:55,653:653.35893631 - ubuntu_sso.credentials - INFO - find_credentials: self.app_name dbus.String(u'Ubuntu One'), result is {}? True
2016-02-04 09:50:55,653:653.517961502 - ubuntu_sso.main - INFO - 'CredentialsManagement': emitting 'CredentialsNotFound' with args (dbus.String(u'Ubuntu One'),) and kwargs {}
2016-02-04 09:51:05,663:663.940906525 - ubuntu_sso.main - INFO - Shutting down, calling <function shutdown_func at 0x7f212d0c28c0>.
2016-02-04 09:55:56,358:358.769893646 - ubuntu_sso.utils.translation - WARNING - Translations not found, using null translator.
2016-02-04 09:55:56,370:370.057106018 - ubuntu_sso.main - INFO - Setting up Ubuntu SSO service.
2016-02-04 09:55:56,373:373.846054077 - ubuntu_sso.main - INFO - Ubuntu SSO service started.
2016-02-04 09:55:56,373:373.970031738 - ubuntu_sso.account - INFO - Creating a new SSO access layer for service url u'https://login.ubuntu.com/api/1.0/'
2016-02-04 09:55:56,379:379.678010941 - ubuntu_sso.credentials - INFO - find_credentials: self.app_name dbus.String(u'Ubuntu One'), result is {}? True
2016-02-04 09:55:56,379:379.827976227 - ubuntu_sso.main - INFO - 'CredentialsManagement': emitting 'CredentialsNotFound' with args (dbus.String(u'Ubuntu One'),) and kwargs {}
2016-02-04 09:56:06,388:388.714075089 - ubuntu_sso.main - INFO - Shutting down, calling <function shutdown_func at 0x7f8f488a18c0>.
2016-09-27 12:50:47,427:427.258968353 - ubuntu_sso.utils.translation - WARNING - Translations not found, using null translator.
2016-09-27 12:50:47,467:467.46301651 - ubuntu_sso.main - INFO - Setting up Ubuntu SSO service.
2016-09-27 12:50:47,473:473.172903061 - ubuntu_sso.main - INFO - Ubuntu SSO service started.
2016-09-27 12:50:47,473:473.3979702 - ubuntu_sso.account - INFO - Creating a new SSO access layer for service url u'https://login.ubuntu.com/api/1.0/'
2016-09-27 12:50:47,483:483.493089676 - ubuntu_sso.credentials - INFO - find_credentials: self.app_name dbus.String(u'Ubuntu One'), result is {}? True
2016-09-27 12:50:47,483:483.659982681 - ubuntu_sso.main - INFO - 'CredentialsManagement': emitting 'CredentialsNotFound' with args (dbus.String(u'Ubuntu One'),) and kwargs {}
2016-09-27 12:50:57,494:494.811058044 - ubuntu_sso.main - INFO - Shutting down, calling <function shutdown_func at 0x7fe24cae98c0>.
2016-09-27 12:55:48,051:51.7110824585 - ubuntu_sso.utils.translation - WARNING - Translations not found, using null translator.
2016-09-27 12:55:48,063:63.7059211731 - ubuntu_sso.main - INFO - Setting up Ubuntu SSO service.
2016-09-27 12:55:48,072:72.1049308777 - ubuntu_sso.main - INFO - Ubuntu SSO service started.
2016-09-27 12:55:48,072:72.3578929901 - ubuntu_sso.account - INFO - Creating a new SSO access layer for service url u'https://login.ubuntu.com/api/1.0/'
2016-09-27 12:55:48,079:79.3840885162 - ubuntu_sso.credentials - INFO - find_credentials: self.app_name dbus.String(u'Ubuntu One'), result is {}? True
2016-09-27 12:55:48,079:79.5478820801 - ubuntu_sso.main - INFO - 'CredentialsManagement': emitting 'CredentialsNotFound' with args (dbus.String(u'Ubuntu One'),) and kwargs {}
2016-09-27 12:55:58,089:89.1270637512 - ubuntu_sso.main - INFO - Shutting down, calling <function shutdown_func at 0x7f63725cc8c0>.
2016-10-06 11:28:19,842:842.255115509 - ubuntu_sso.utils.translation - WARNING - Translations not found, using null translator.
2016-10-06 11:28:19,853:853.934049606 - ubuntu_sso.main - INFO - Setting up Ubuntu SSO service.
2016-10-06 11:28:19,857:857.821941376 - ubuntu_sso.main - INFO - Ubuntu SSO service started.
2016-10-06 11:28:19,857:857.954978943 - ubuntu_sso.account - INFO - Creating a new SSO access layer for service url u'https://login.ubuntu.com/api/1.0/'
2016-10-06 11:28:19,863:863.948106766 - ubuntu_sso.credentials - INFO - find_credentials: self.app_name dbus.String(u'Ubuntu One'), result is {}? True
2016-10-06 11:28:19,864:864.156961441 - ubuntu_sso.main - INFO - 'CredentialsManagement': emitting 'CredentialsNotFound' with args (dbus.String(u'Ubuntu One'),) and kwargs {}
2016-10-06 11:28:29,865:865.252017975 - ubuntu_sso.main - INFO - Shutting down, calling <function shutdown_func at 0x7f3adfb278c0>.
2016-10-06 11:33:19,870:870.964050293 - ubuntu_sso.utils.translation - WARNING - Translations not found, using null translator.
2016-10-06 11:33:19,883:883.600950241 - ubuntu_sso.main - INFO - Setting up Ubuntu SSO service.
2016-10-06 11:33:19,887:887.466907501 - ubuntu_sso.main - INFO - Ubuntu SSO service started.
2016-10-06 11:33:19,887:887.599945068 - ubuntu_sso.account - INFO - Creating a new SSO access layer for service url u'https://login.ubuntu.com/api/1.0/'
2016-10-06 11:33:19,893:893.357038498 - ubuntu_sso.credentials - INFO - find_credentials: self.app_name dbus.String(u'Ubuntu One'), result is {}? True
2016-10-06 11:33:19,894:894.208908081 - ubuntu_sso.main - INFO - 'CredentialsManagement': emitting 'CredentialsNotFound' with args (dbus.String(u'Ubuntu One'),) and kwargs {}
2016-10-06 11:33:29,906:906.112909317 - ubuntu_sso.main - INFO - Shutting down, calling <function shutdown_func at 0x7f96014f98c0>.
2016-10-23 17:23:44,335:335.18409729 - ubuntu_sso.utils.translation - WARNING - Translations not found, using null translator.
2016-10-23 17:23:44,369:369.5499897 - ubuntu_sso.main - INFO - Setting up Ubuntu SSO service.
2016-10-23 17:23:44,373:373.904943466 - ubuntu_sso.main - INFO - Ubuntu SSO service started.
2016-10-23 17:23:44,374:374.142885208 - ubuntu_sso.account - INFO - Creating a new SSO access layer for service url u'https://login.ubuntu.com/api/1.0/'
2016-10-23 17:23:44,380:380.098104477 - ubuntu_sso.credentials - INFO - find_credentials: self.app_name dbus.String(u'Ubuntu One'), result is {}? True
2016-10-23 17:23:44,380:380.240917206 - ubuntu_sso.main - INFO - 'CredentialsManagement': emitting 'CredentialsNotFound' with args (dbus.String(u'Ubuntu One'),) and kwargs {}
2016-10-23 17:23:54,385:385.5240345 - ubuntu_sso.main - INFO - Shutting down, calling <function shutdown_func at 0x7fb13647f8c0>.
2016-10-23 17:28:45,062:62.9949569702 - ubuntu_sso.utils.translation - WARNING - Translations not found, using null translator.
2016-10-23 17:28:45,075:75.6928920746 - ubuntu_sso.main - INFO - Setting up Ubuntu SSO service.
2016-10-23 17:28:45,079:79.9999237061 - ubuntu_sso.main - INFO - Ubuntu SSO service started.
2016-10-23 17:28:45,080:80.1360607147 - ubuntu_sso.account - INFO - Creating a new SSO access layer for service url u'https://login.ubuntu.com/api/1.0/'
2016-10-23 17:28:45,085:85.80493927 - ubuntu_sso.credentials - INFO - find_credentials: self.app_name dbus.String(u'Ubuntu One'), result is {}? True
2016-10-23 17:28:45,086:86.0838890076 - ubuntu_sso.main - INFO - 'CredentialsManagement': emitting 'CredentialsNotFound' with args (dbus.String(u'Ubuntu One'),) and kwargs {}
2016-10-23 17:28:55,097:97.1140861511 - ubuntu_sso.main - INFO - Shutting down, calling <function shutdown_func at 0x7f3b6c4f18c0>.
2016-11-08 13:34:12,552:552.51288414 - ubuntu_sso.utils.translation - WARNING - Translations not found, using null translator.
2016-11-08 13:34:12,567:567.761898041 - ubuntu_sso.main - INFO - Setting up Ubuntu SSO service.
2016-11-08 13:34:12,574:574.512958527 - ubuntu_sso.main - INFO - Ubuntu SSO service started.
2016-11-08 13:34:12,574:574.656963348 - ubuntu_sso.account - INFO - Creating a new SSO access layer for service url u'https://login.ubuntu.com/api/1.0/'
2016-11-08 13:34:12,581:581.393003464 - ubuntu_sso.credentials - INFO - find_credentials: self.app_name dbus.String(u'Ubuntu One'), result is {}? True
2016-11-08 13:34:12,581:581.53796196 - ubuntu_sso.main - INFO - 'CredentialsManagement': emitting 'CredentialsNotFound' with args (dbus.String(u'Ubuntu One'),) and kwargs {}
2016-11-08 13:34:22,593:593.420028687 - ubuntu_sso.main - INFO - Shutting down, calling <function shutdown_func at 0x7fbab73678c0>.
2016-11-08 13:39:12,503:503.428936005 - ubuntu_sso.utils.translation - WARNING - Translations not found, using null translator.
2016-11-08 13:39:12,514:514.102935791 - ubuntu_sso.main - INFO - Setting up Ubuntu SSO service.
2016-11-08 13:39:12,517:517.800092697 - ubuntu_sso.main - INFO - Ubuntu SSO service started.
2016-11-08 13:39:12,517:517.930984497 - ubuntu_sso.account - INFO - Creating a new SSO access layer for service url u'https://login.ubuntu.com/api/1.0/'
2016-11-08 13:39:12,523:523.227930069 - ubuntu_sso.credentials - INFO - find_credentials: self.app_name dbus.String(u'Ubuntu One'), result is {}? True
2016-11-08 13:39:12,523:523.360967636 - ubuntu_sso.main - INFO - 'CredentialsManagement': emitting 'CredentialsNotFound' with args (dbus.String(u'Ubuntu One'),) and kwargs {}
2016-11-08 13:39:22,534:534.48009491 - ubuntu_sso.main - INFO - Shutting down, calling <function shutdown_func at 0x7f29a24d08c0>.
2016-11-17 12:49:42,103:103.15990448 - ubuntu_sso.utils.translation - WARNING - Translations not found, using null translator.
2016-11-17 12:49:42,250:250.691890717 - ubuntu_sso.main - INFO - Setting up Ubuntu SSO service.
2016-11-17 12:49:42,296:296.761989594 - ubuntu_sso.main - INFO - Ubuntu SSO service started.
2016-11-17 12:49:42,297:297.254085541 - ubuntu_sso.account - INFO - Creating a new SSO access layer for service url u'https://login.ubuntu.com/api/1.0/'
2016-11-17 12:49:42,403:403.419017792 - ubuntu_sso.credentials - INFO - find_credentials: self.app_name dbus.String(u'Ubuntu One'), result is {}? True
2016-11-17 12:49:42,404:404.120922089 - ubuntu_sso.main - INFO - 'CredentialsManagement': emitting 'CredentialsNotFound' with args (dbus.String(u'Ubuntu One'),) and kwargs {}
2016-11-17 12:49:52,415:415.828943253 - ubuntu_sso.main - INFO - Shutting down, calling <function shutdown_func at 0x7f52c65558c0>.
2016-11-17 12:54:43,210:210.102081299 - ubuntu_sso.utils.translation - WARNING - Translations not found, using null translator.
2016-11-17 12:54:43,251:251.681089401 - ubuntu_sso.main - INFO - Setting up Ubuntu SSO service.
2016-11-17 12:54:43,272:272.695064545 - ubuntu_sso.main - INFO - Ubuntu SSO service started.
2016-11-17 12:54:43,272:272.875070572 - ubuntu_sso.account - INFO - Creating a new SSO access layer for service url u'https://login.ubuntu.com/api/1.0/'
2016-11-17 12:54:43,294:294.145107269 - ubuntu_sso.credentials - INFO - find_credentials: self.app_name dbus.String(u'Ubuntu One'), result is {}? True
2016-11-17 12:54:43,294:294.434070587 - ubuntu_sso.main - INFO - 'CredentialsManagement': emitting 'CredentialsNotFound' with args (dbus.String(u'Ubuntu One'),) and kwargs {}
2016-11-17 12:54:53,305:305.608987808 - ubuntu_sso.main - INFO - Shutting down, calling <function shutdown_func at 0x7f69b9f6b8c0>.
2016-11-17 12:59:43,175:175.457954407 - ubuntu_sso.utils.translation - WARNING - Translations not found, using null translator.
2016-11-17 12:59:43,220:220.057010651 - ubuntu_sso.main - INFO - Setting up Ubuntu SSO service.
2016-11-17 12:59:43,238:238.625049591 - ubuntu_sso.main - INFO - Ubuntu SSO service started.
2016-11-17 12:59:43,238:238.852024078 - ubuntu_sso.account - INFO - Creating a new SSO access layer for service url u'https://login.ubuntu.com/api/1.0/'
2016-11-17 12:59:43,256:256.311893463 - ubuntu_sso.credentials - INFO - find_credentials: self.app_name dbus.String(u'Ubuntu One'), result is {}? True
2016-11-17 12:59:43,256:256.604909897 - ubuntu_sso.main - INFO - 'CredentialsManagement': emitting 'CredentialsNotFound' with args (dbus.String(u'Ubuntu One'),) and kwargs {}
2016-11-17 12:59:53,269:269.982099533 - ubuntu_sso.main - INFO - Shutting down, calling <function shutdown_func at 0x7f4cfb59a8c0>.
2016-11-17 13:19:40,498:498.536109924 - ubuntu_sso.utils.translation - WARNING - Translations not found, using null translator.
2016-11-17 13:19:40,583:583.004951477 - ubuntu_sso.main - INFO - Setting up Ubuntu SSO service.
2016-11-17 13:19:40,622:622.454881668 - ubuntu_sso.main - INFO - Ubuntu SSO service started.
2016-11-17 13:19:40,623:623.090982437 - ubuntu_sso.account - INFO - Creating a new SSO access layer for service url u'https://login.ubuntu.com/api/1.0/'
2016-11-17 13:19:40,667:667.280912399 - ubuntu_sso.credentials - INFO - find_credentials: self.app_name dbus.String(u'Ubuntu One'), result is {}? True
2016-11-17 13:19:40,667:667.861938477 - ubuntu_sso.main - INFO - 'CredentialsManagement': emitting 'CredentialsNotFound' with args (dbus.String(u'Ubuntu One'),) and kwargs {}
2016-11-17 13:19:50,678:678.359031677 - ubuntu_sso.main - INFO - Shutting down, calling <function shutdown_func at 0x7f82a06968c0>.
2016-11-17 13:24:41,380:380.870103836 - ubuntu_sso.utils.translation - WARNING - Translations not found, using null translator.
2016-11-17 13:24:41,443:443.205118179 - ubuntu_sso.main - INFO - Setting up Ubuntu SSO service.
2016-11-17 13:24:41,460:460.962057114 - ubuntu_sso.main - INFO - Ubuntu SSO service started.
2016-11-17 13:24:41,461:461.45606041 - ubuntu_sso.account - INFO - Creating a new SSO access layer for service url u'https://login.ubuntu.com/api/1.0/'
2016-11-17 13:24:41,500:500.067949295 - ubuntu_sso.credentials - INFO - find_credentials: self.app_name dbus.String(u'Ubuntu One'), result is {}? True
2016-11-17 13:24:41,500:500.803947449 - ubuntu_sso.main - INFO - 'CredentialsManagement': emitting 'CredentialsNotFound' with args (dbus.String(u'Ubuntu One'),) and kwargs {}
2016-11-17 13:24:51,508:508.759975433 - ubuntu_sso.main - INFO - Shutting down, calling <function shutdown_func at 0x7f75d13168c0>.
2016-11-17 13:33:47,275:275.175094604 - ubuntu_sso.utils.translation - WARNING - Translations not found, using null translator.
2016-11-17 13:33:47,340:340.528964996 - ubuntu_sso.main - INFO - Setting up Ubuntu SSO service.
2016-11-17 13:33:47,352:352.093935013 - ubuntu_sso.main - INFO - Ubuntu SSO service started.
2016-11-17 13:33:47,352:352.602958679 - ubuntu_sso.account - INFO - Creating a new SSO access layer for service url u'https://login.ubuntu.com/api/1.0/'
2016-11-17 13:33:47,397:397.690057755 - ubuntu_sso.credentials - INFO - find_credentials: self.app_name dbus.String(u'Ubuntu One'), result is {}? True
2016-11-17 13:33:47,398:398.124933243 - ubuntu_sso.main - INFO - 'CredentialsManagement': emitting 'CredentialsNotFound' with args (dbus.String(u'Ubuntu One'),) and kwargs {}
2016-11-17 13:33:57,401:401.325941086 - ubuntu_sso.main - INFO - Shutting down, calling <function shutdown_func at 0x7f56b07938c0>.
2016-11-17 13:38:48,001:1.8789768219 - ubuntu_sso.utils.translation - WARNING - Translations not found, using null translator.
2016-11-17 13:38:48,076:76.1380195618 - ubuntu_sso.main - INFO - Setting up Ubuntu SSO service.
2016-11-17 13:38:48,093:93.7190055847 - ubuntu_sso.main - INFO - Ubuntu SSO service started.
2016-11-17 13:38:48,094:94.2199230194 - ubuntu_sso.account - INFO - Creating a new SSO access layer for service url u'https://login.ubuntu.com/api/1.0/'
2016-11-17 13:38:48,141:141.874074936 - ubuntu_sso.credentials - INFO - find_credentials: self.app_name dbus.String(u'Ubuntu One'), result is {}? True
2016-11-17 13:38:48,143:143.260002136 - ubuntu_sso.main - INFO - 'CredentialsManagement': emitting 'CredentialsNotFound' with args (dbus.String(u'Ubuntu One'),) and kwargs {}
2016-11-17 13:38:58,149:149.725914001 - ubuntu_sso.main - INFO - Shutting down, calling <function shutdown_func at 0x7f75602f58c0>.
2016-11-17 14:27:41,378:378.772974014 - ubuntu_sso.utils.translation - WARNING - Translations not found, using null translator.
2016-11-17 14:27:41,407:407.826900482 - ubuntu_sso.main - INFO - Setting up Ubuntu SSO service.
2016-11-17 14:27:41,417:417.069911957 - ubuntu_sso.main - INFO - Ubuntu SSO service started.
2016-11-17 14:27:41,417:417.24395752 - ubuntu_sso.account - INFO - Creating a new SSO access layer for service url u'https://login.ubuntu.com/api/1.0/'
2016-11-17 14:27:41,426:426.580905914 - ubuntu_sso.credentials - INFO - find_credentials: self.app_name dbus.String(u'Ubuntu One'), result is {}? True
2016-11-17 14:27:41,426:426.796913147 - ubuntu_sso.main - INFO - 'CredentialsManagement': emitting 'CredentialsNotFound' with args (dbus.String(u'Ubuntu One'),) and kwargs {}
2016-11-17 14:27:51,428:428.397893906 - ubuntu_sso.main - INFO - Shutting down, calling <function shutdown_func at 0x7f4d36ca38c0>.
2016-11-17 14:32:41,335:335.031986237 - ubuntu_sso.utils.translation - WARNING - Translations not found, using null translator.
2016-11-17 14:32:41,346:346.497058868 - ubuntu_sso.main - INFO - Setting up Ubuntu SSO service.
2016-11-17 14:32:41,352:352.705955505 - ubuntu_sso.main - INFO - Ubuntu SSO service started.
2016-11-17 14:32:41,352:352.932929993 - ubuntu_sso.account - INFO - Creating a new SSO access layer for service url u'https://login.ubuntu.com/api/1.0/'
2016-11-17 14:32:41,359:359.536886215 - ubuntu_sso.credentials - INFO - find_credentials: self.app_name dbus.String(u'Ubuntu One'), result is {}? True
2016-11-17 14:32:41,359:359.77101326 - ubuntu_sso.main - INFO - 'CredentialsManagement': emitting 'CredentialsNotFound' with args (dbus.String(u'Ubuntu One'),) and kwargs {}
2016-11-17 14:32:51,370:370.732069016 - ubuntu_sso.main - INFO - Shutting down, calling <function shutdown_func at 0x7f7bcca608c0>.
2016-12-10 08:55:45,446:446.510076523 - ubuntu_sso.utils.translation - WARNING - Translations not found, using null translator.
2016-12-10 08:55:45,458:458.98103714 - ubuntu_sso.main - INFO - Setting up Ubuntu SSO service.
2016-12-10 08:55:45,463:463.161945343 - ubuntu_sso.main - INFO - Ubuntu SSO service started.
2016-12-10 08:55:45,463:463.2999897 - ubuntu_sso.account - INFO - Creating a new SSO access layer for service url u'https://login.ubuntu.com/api/1.0/'
2016-12-10 08:55:45,471:471.049070358 - ubuntu_sso.credentials - INFO - find_credentials: self.app_name dbus.String(u'Ubuntu One'), result is {}? True
2016-12-10 08:55:45,471:471.214056015 - ubuntu_sso.main - INFO - 'CredentialsManagement': emitting 'CredentialsNotFound' with args (dbus.String(u'Ubuntu One'),) and kwargs {}
2016-12-10 08:55:55,481:481.188058853 - ubuntu_sso.main - INFO - Shutting down, calling <function shutdown_func at 0x7f7bd2f0b8c0>.
2016-12-10 09:00:45,377:377.284049988 - ubuntu_sso.utils.translation - WARNING - Translations not found, using null translator.
2016-12-10 09:00:45,388:388.797044754 - ubuntu_sso.main - INFO - Setting up Ubuntu SSO service.
2016-12-10 09:00:45,393:393.357038498 - ubuntu_sso.main - INFO - Ubuntu SSO service started.
2016-12-10 09:00:45,393:393.493890762 - ubuntu_sso.account - INFO - Creating a new SSO access layer for service url u'https://login.ubuntu.com/api/1.0/'
2016-12-10 09:00:45,400:400.09188652 - ubuntu_sso.credentials - INFO - find_credentials: self.app_name dbus.String(u'Ubuntu One'), result is {}? True
2016-12-10 09:00:45,400:400.249958038 - ubuntu_sso.main - INFO - 'CredentialsManagement': emitting 'CredentialsNotFound' with args (dbus.String(u'Ubuntu One'),) and kwargs {}
2016-12-10 09:00:55,408:408.808946609 - ubuntu_sso.main - INFO - Shutting down, calling <function shutdown_func at 0x7fe8255828c0>.
2017-01-23 10:46:39,324:324.548959732 - ubuntu_sso.utils.translation - WARNING - Translations not found, using null translator.
2017-01-23 10:46:39,344:344.18797493 - ubuntu_sso.main - INFO - Setting up Ubuntu SSO service.
2017-01-23 10:46:39,351:351.615905762 - ubuntu_sso.main - INFO - Ubuntu SSO service started.
2017-01-23 10:46:39,351:351.836919785 - ubuntu_sso.account - INFO - Creating a new SSO access layer for service url u'https://login.ubuntu.com/api/1.0/'
2017-01-23 10:46:39,361:361.96398735 - ubuntu_sso.credentials - INFO - find_credentials: self.app_name dbus.String(u'Ubuntu One'), result is {}? True
2017-01-23 10:46:39,362:362.165927887 - ubuntu_sso.main - INFO - 'CredentialsManagement': emitting 'CredentialsNotFound' with args (dbus.String(u'Ubuntu One'),) and kwargs {}
2017-01-23 10:46:49,373:373.011112213 - ubuntu_sso.main - INFO - Shutting down, calling <function shutdown_func at 0x7f65386238c0>.
2017-01-23 10:51:39,301:301.863908768 - ubuntu_sso.utils.translation - WARNING - Translations not found, using null translator.
2017-01-23 10:51:39,315:315.361022949 - ubuntu_sso.main - INFO - Setting up Ubuntu SSO service.
2017-01-23 10:51:39,319:319.200992584 - ubuntu_sso.main - INFO - Ubuntu SSO service started.
2017-01-23 10:51:39,319:319.370031357 - ubuntu_sso.account - INFO - Creating a new SSO access layer for service url u'https://login.ubuntu.com/api/1.0/'
2017-01-23 10:51:39,324:324.944019318 - ubuntu_sso.credentials - INFO - find_credentials: self.app_name dbus.String(u'Ubuntu One'), result is {}? True
2017-01-23 10:51:39,325:325.330972672 - ubuntu_sso.main - INFO - 'CredentialsManagement': emitting 'CredentialsNotFound' with args (dbus.String(u'Ubuntu One'),) and kwargs {}
2017-01-23 10:51:49,331:331.687927246 - ubuntu_sso.main - INFO - Shutting down, calling <function shutdown_func at 0x7faf72ca58c0>.
2017-01-23 11:37:22,187:187.40606308 - ubuntu_sso.utils.translation - WARNING - Translations not found, using null translator.
2017-01-23 11:37:22,234:234.400987625 - ubuntu_sso.main - INFO - Setting up Ubuntu SSO service.
2017-01-23 11:37:22,238:238.349914551 - ubuntu_sso.main - INFO - Ubuntu SSO service started.
2017-01-23 11:37:22,238:238.476991653 - ubuntu_sso.account - INFO - Creating a new SSO access layer for service url u'https://login.ubuntu.com/api/1.0/'
2017-01-23 11:37:22,244:244.561910629 - ubuntu_sso.credentials - INFO - find_credentials: self.app_name dbus.String(u'Ubuntu One'), result is {}? True
2017-01-23 11:37:22,244:244.710922241 - ubuntu_sso.main - INFO - 'CredentialsManagement': emitting 'CredentialsNotFound' with args (dbus.String(u'Ubuntu One'),) and kwargs {}
2017-01-23 11:37:32,248:248.615026474 - ubuntu_sso.main - INFO - Shutting down, calling <function shutdown_func at 0x7f54f4901848>.
2017-01-23 11:42:22,771:771.61192894 - ubuntu_sso.utils.translation - WARNING - Translations not found, using null translator.
2017-01-23 11:42:22,790:790.518045425 - ubuntu_sso.main - INFO - Setting up Ubuntu SSO service.
2017-01-23 11:42:22,795:795.66693306 - ubuntu_sso.main - INFO - Ubuntu SSO service started.
2017-01-23 11:42:22,795:795.804977417 - ubuntu_sso.account - INFO - Creating a new SSO access layer for service url u'https://login.ubuntu.com/api/1.0/'
2017-01-23 11:42:22,803:803.916931152 - ubuntu_sso.credentials - INFO - find_credentials: self.app_name dbus.String(u'Ubuntu One'), result is {}? True
2017-01-23 11:42:22,804:804.080963135 - ubuntu_sso.main - INFO - 'CredentialsManagement': emitting 'CredentialsNotFound' with args (dbus.String(u'Ubuntu One'),) and kwargs {}
2017-01-23 11:42:32,808:808.434009552 - ubuntu_sso.main - INFO - Shutting down, calling <function shutdown_func at 0x7f64c108e848>.
2017-01-23 11:44:44,556:556.494951248 - ubuntu_sso.utils.translation - WARNING - Translations not found, using null translator.
2017-01-23 11:44:44,568:568.645000458 - ubuntu_sso.main - INFO - Setting up Ubuntu SSO service.
2017-01-23 11:44:44,575:575.299024582 - ubuntu_sso.main - INFO - Ubuntu SSO service started.
2017-01-23 11:44:44,575:575.453996658 - ubuntu_sso.account - INFO - Creating a new SSO access layer for service url u'https://login.ubuntu.com/api/1.0/'
2017-01-23 11:44:44,586:586.599111557 - ubuntu_sso.credentials - INFO - find_credentials: self.app_name dbus.String(u'Ubuntu One'), result is {}? True
2017-01-23 11:44:44,586:586.745023727 - ubuntu_sso.main - INFO - 'CredentialsManagement': emitting 'CredentialsNotFound' with args (dbus.String(u'Ubuntu One'),) and kwargs {}
2017-01-23 11:44:51,067:67.754983902 - ubuntu_sso.credentials - INFO - find_credentials: self.app_name dbus.String(u'Ubuntu One'), result is {}? True
2017-01-23 11:44:51,067:67.941904068 - ubuntu_sso.main - INFO - 'CredentialsManagement': emitting 'CredentialsNotFound' with args (dbus.String(u'Ubuntu One'),) and kwargs {}
2017-01-23 11:44:54,590:590.861082077 - ubuntu_sso.main - INFO - Shutting down, calling <function shutdown_func at 0x7ffa10895848>.
2017-01-23 11:47:22,770:770.081996918 - ubuntu_sso.utils.translation - WARNING - Translations not found, using null translator.
2017-01-23 11:47:22,788:788.589954376 - ubuntu_sso.main - INFO - Setting up Ubuntu SSO service.
2017-01-23 11:47:22,793:793.174982071 - ubuntu_sso.main - INFO - Ubuntu SSO service started.
2017-01-23 11:47:22,793:793.309926987 - ubuntu_sso.account - INFO - Creating a new SSO access layer for service url u'https://login.ubuntu.com/api/1.0/'
2017-01-23 11:47:22,801:801.340103149 - ubuntu_sso.credentials - INFO - find_credentials: self.app_name dbus.String(u'Ubuntu One'), result is {}? True
2017-01-23 11:47:22,801:801.537036896 - ubuntu_sso.main - INFO - 'CredentialsManagement': emitting 'CredentialsNotFound' with args (dbus.String(u'Ubuntu One'),) and kwargs {}
2017-01-23 11:47:32,804:804.022073746 - ubuntu_sso.main - INFO - Shutting down, calling <function shutdown_func at 0x7f43ba947848>.
2017-01-23 12:05:07,293:293.893098831 - ubuntu_sso.utils.translation - WARNING - Translations not found, using null translator.
2017-01-23 12:05:07,308:308.561086655 - ubuntu_sso.main - INFO - Setting up Ubuntu SSO service.
2017-01-23 12:05:07,312:312.663078308 - ubuntu_sso.main - INFO - Ubuntu SSO service started.
2017-01-23 12:05:07,312:312.820911407 - ubuntu_sso.account - INFO - Creating a new SSO access layer for service url u'https://login.ubuntu.com/api/1.0/'
2017-01-23 12:05:07,319:319.583892822 - ubuntu_sso.credentials - INFO - find_credentials: self.app_name dbus.String(u'Ubuntu One'), result is {}? True
2017-01-23 12:05:07,319:319.776058197 - ubuntu_sso.main - INFO - 'CredentialsManagement': emitting 'CredentialsNotFound' with args (dbus.String(u'Ubuntu One'),) and kwargs {}
2017-01-23 12:05:17,329:329.746961594 - ubuntu_sso.main - INFO - Shutting down, calling <function shutdown_func at 0x7ffacb46a848>.
2017-01-23 12:10:07,396:396.600961685 - ubuntu_sso.utils.translation - WARNING - Translations not found, using null translator.
2017-01-23 12:10:07,430:430.689096451 - ubuntu_sso.main - INFO - Setting up Ubuntu SSO service.
2017-01-23 12:10:07,436:436.214923859 - ubuntu_sso.main - INFO - Ubuntu SSO service started.
2017-01-23 12:10:07,439:439.018011093 - ubuntu_sso.account - INFO - Creating a new SSO access layer for service url u'https://login.ubuntu.com/api/1.0/'
2017-01-23 12:10:07,448:448.491096497 - ubuntu_sso.credentials - INFO - find_credentials: self.app_name dbus.String(u'Ubuntu One'), result is {}? True
2017-01-23 12:10:07,448:448.729038239 - ubuntu_sso.main - INFO - 'CredentialsManagement': emitting 'CredentialsNotFound' with args (dbus.String(u'Ubuntu One'),) and kwargs {}
2017-01-23 12:10:17,459:459.191083908 - ubuntu_sso.main - INFO - Shutting down, calling <function shutdown_func at 0x7f43c955e848>.
2017-01-23 12:15:07,395:395.417928696 - ubuntu_sso.utils.translation - WARNING - Translations not found, using null translator.
2017-01-23 12:15:07,426:426.119089127 - ubuntu_sso.main - INFO - Setting up Ubuntu SSO service.
2017-01-23 12:15:07,430:430.438041687 - ubuntu_sso.main - INFO - Ubuntu SSO service started.
2017-01-23 12:15:07,430:430.634975433 - ubuntu_sso.account - INFO - Creating a new SSO access layer for service url u'https://login.ubuntu.com/api/1.0/'
2017-01-23 12:15:07,445:445.288896561 - ubuntu_sso.credentials - INFO - find_credentials: self.app_name dbus.String(u'Ubuntu One'), result is {}? True
2017-01-23 12:15:07,445:445.544958115 - ubuntu_sso.main - INFO - 'CredentialsManagement': emitting 'CredentialsNotFound' with args (dbus.String(u'Ubuntu One'),) and kwargs {}
2017-01-23 12:15:17,455:455.751895905 - ubuntu_sso.main - INFO - Shutting down, calling <function shutdown_func at 0x7ff3a0ec2848>.
2017-01-23 12:17:33,163:163.228988647 - ubuntu_sso.utils.translation - WARNING - Translations not found, using null translator.
2017-01-23 12:17:33,178:178.025007248 - ubuntu_sso.main - INFO - Setting up Ubuntu SSO service.
2017-01-23 12:17:33,181:181.140899658 - ubuntu_sso.main - INFO - Ubuntu SSO service started.
2017-01-23 12:17:33,181:181.263923645 - ubuntu_sso.account - INFO - Creating a new SSO access layer for service url u'https://login.ubuntu.com/api/1.0/'
2017-01-23 12:17:33,192:192.781925201 - ubuntu_sso.credentials - INFO - find_credentials: self.app_name dbus.String(u'Ubuntu One'), result is {}? True
2017-01-23 12:17:33,192:192.924022675 - ubuntu_sso.main - INFO - 'CredentialsManagement': emitting 'CredentialsNotFound' with args (dbus.String(u'Ubuntu One'),) and kwargs {}
2017-01-23 12:17:39,601:601.907968521 - ubuntu_sso.credentials - INFO - find_credentials: self.app_name dbus.String(u'Ubuntu One'), result is {}? True
2017-01-23 12:17:39,602:602.051973343 - ubuntu_sso.main - INFO - 'CredentialsManagement': emitting 'CredentialsNotFound' with args (dbus.String(u'Ubuntu One'),) and kwargs {}
2017-01-23 12:17:43,195:195.230007172 - ubuntu_sso.main - INFO - Shutting down, calling <function shutdown_func at 0x7f03d46ed848>.
2017-01-23 12:20:07,449:449.7859478 - ubuntu_sso.utils.translation - WARNING - Translations not found, using null translator.
2017-01-23 12:20:07,546:546.040058136 - ubuntu_sso.main - INFO - Setting up Ubuntu SSO service.
2017-01-23 12:20:07,561:561.233043671 - ubuntu_sso.main - INFO - Ubuntu SSO service started.
2017-01-23 12:20:07,561:561.414003372 - ubuntu_sso.account - INFO - Creating a new SSO access layer for service url u'https://login.ubuntu.com/api/1.0/'
2017-01-23 12:20:07,586:586.266994476 - ubuntu_sso.credentials - INFO - find_credentials: self.app_name dbus.String(u'Ubuntu One'), result is {}? True
2017-01-23 12:20:07,587:587.146043777 - ubuntu_sso.main - INFO - 'CredentialsManagement': emitting 'CredentialsNotFound' with args (dbus.String(u'Ubuntu One'),) and kwargs {}
2017-01-23 12:20:17,595:595.025062561 - ubuntu_sso.main - INFO - Shutting down, calling <function shutdown_func at 0x7f2f1ba73848>.
2017-01-23 12:25:07,272:272.753953934 - ubuntu_sso.utils.translation - WARNING - Translations not found, using null translator.
2017-01-23 12:25:07,285:285.797119141 - ubuntu_sso.main - INFO - Setting up Ubuntu SSO service.
2017-01-23 12:25:07,290:290.020942688 - ubuntu_sso.main - INFO - Ubuntu SSO service started.
2017-01-23 12:25:07,290:290.153980255 - ubuntu_sso.account - INFO - Creating a new SSO access layer for service url u'https://login.ubuntu.com/api/1.0/'
2017-01-23 12:25:07,296:296.016931534 - ubuntu_sso.credentials - INFO - find_credentials: self.app_name dbus.String(u'Ubuntu One'), result is {}? True
2017-01-23 12:25:07,296:296.16189003 - ubuntu_sso.main - INFO - 'CredentialsManagement': emitting 'CredentialsNotFound' with args (dbus.String(u'Ubuntu One'),) and kwargs {}
2017-01-23 12:25:17,299:299.674987793 - ubuntu_sso.main - INFO - Shutting down, calling <function shutdown_func at 0x7f3e3eca8848>.
2017-01-23 12:30:07,269:269.716024399 - ubuntu_sso.utils.translation - WARNING - Translations not found, using null translator.
2017-01-23 12:30:07,282:282.485961914 - ubuntu_sso.main - INFO - Setting up Ubuntu SSO service.
2017-01-23 12:30:07,288:288.108110428 - ubuntu_sso.main - INFO - Ubuntu SSO service started.
2017-01-23 12:30:07,288:288.270950317 - ubuntu_sso.account - INFO - Creating a new SSO access layer for service url u'https://login.ubuntu.com/api/1.0/'
2017-01-23 12:30:07,294:294.684886932 - ubuntu_sso.credentials - INFO - find_credentials: self.app_name dbus.String(u'Ubuntu One'), result is {}? True
2017-01-23 12:30:07,294:294.847011566 - ubuntu_sso.main - INFO - 'CredentialsManagement': emitting 'CredentialsNotFound' with args (dbus.String(u'Ubuntu One'),) and kwargs {}
2017-01-23 12:30:17,301:301.906108856 - ubuntu_sso.main - INFO - Shutting down, calling <function shutdown_func at 0x7fd5e0f10848>.
2017-01-23 12:35:07,276:276.506900787 - ubuntu_sso.utils.translation - WARNING - Translations not found, using null translator.
2017-01-23 12:35:07,292:292.321920395 - ubuntu_sso.main - INFO - Setting up Ubuntu SSO service.
2017-01-23 12:35:07,296:296.627998352 - ubuntu_sso.main - INFO - Ubuntu SSO service started.
2017-01-23 12:35:07,296:296.753883362 - ubuntu_sso.account - INFO - Creating a new SSO access layer for service url u'https://login.ubuntu.com/api/1.0/'
2017-01-23 12:35:07,302:302.192926407 - ubuntu_sso.credentials - INFO - find_credentials: self.app_name dbus.String(u'Ubuntu One'), result is {}? True
2017-01-23 12:35:07,302:302.33001709 - ubuntu_sso.main - INFO - 'CredentialsManagement': emitting 'CredentialsNotFound' with args (dbus.String(u'Ubuntu One'),) and kwargs {}
2017-01-23 12:35:17,309:309.932947159 - ubuntu_sso.main - INFO - Shutting down, calling <function shutdown_func at 0x7fdcd575f848>.
2017-01-23 14:14:18,470:470.8070755 - ubuntu_sso.utils.translation - WARNING - Translations not found, using null translator.
2017-01-23 14:14:18,500:500.003099442 - ubuntu_sso.main - INFO - Setting up Ubuntu SSO service.
2017-01-23 14:14:18,505:505.11598587 - ubuntu_sso.main - INFO - Ubuntu SSO service started.
2017-01-23 14:14:18,505:505.302906036 - ubuntu_sso.account - INFO - Creating a new SSO access layer for service url u'https://login.ubuntu.com/api/1.0/'
2017-01-23 14:14:18,511:511.888027191 - ubuntu_sso.credentials - INFO - find_credentials: self.app_name dbus.String(u'Ubuntu One'), result is {}? True
2017-01-23 14:14:18,512:512.033939362 - ubuntu_sso.main - INFO - 'CredentialsManagement': emitting 'CredentialsNotFound' with args (dbus.String(u'Ubuntu One'),) and kwargs {}
2017-01-23 14:14:28,523:523.586034775 - ubuntu_sso.main - INFO - Shutting down, calling <function shutdown_func at 0x7fe866801848>.
2017-01-23 14:27:20,484:484.925985336 - ubuntu_sso.utils.translation - WARNING - Translations not found, using null translator.
2017-01-23 14:27:20,521:521.657943726 - ubuntu_sso.main - INFO - Setting up Ubuntu SSO service.
2017-01-23 14:27:20,533:533.303976059 - ubuntu_sso.main - INFO - Ubuntu SSO service started.
2017-01-23 14:27:20,533:533.440113068 - ubuntu_sso.account - INFO - Creating a new SSO access layer for service url u'https://login.ubuntu.com/api/1.0/'
2017-01-23 14:27:20,539:539.319038391 - ubuntu_sso.credentials - INFO - find_credentials: self.app_name dbus.String(u'Ubuntu One'), result is {}? True
2017-01-23 14:27:20,542:542.397975922 - ubuntu_sso.main - INFO - 'CredentialsManagement': emitting 'CredentialsNotFound' with args (dbus.String(u'Ubuntu One'),) and kwargs {}
2017-01-23 14:27:30,552:552.118062973 - ubuntu_sso.main - INFO - Shutting down, calling <function shutdown_func at 0x7f1fd66d5848>.
2017-01-23 14:32:21,403:403.748989105 - ubuntu_sso.utils.translation - WARNING - Translations not found, using null translator.
2017-01-23 14:32:21,423:423.690080643 - ubuntu_sso.main - INFO - Setting up Ubuntu SSO service.
2017-01-23 14:32:21,431:431.759119034 - ubuntu_sso.main - INFO - Ubuntu SSO service started.
2017-01-23 14:32:21,431:431.927919388 - ubuntu_sso.account - INFO - Creating a new SSO access layer for service url u'https://login.ubuntu.com/api/1.0/'
2017-01-23 14:32:21,437:437.884092331 - ubuntu_sso.credentials - INFO - find_credentials: self.app_name dbus.String(u'Ubuntu One'), result is {}? True
2017-01-23 14:32:21,438:438.076019287 - ubuntu_sso.main - INFO - 'CredentialsManagement': emitting 'CredentialsNotFound' with args (dbus.String(u'Ubuntu One'),) and kwargs {}
2017-01-23 14:32:31,449:449.455022812 - ubuntu_sso.main - INFO - Shutting down, calling <function shutdown_func at 0x7fb2f5e25848>.
2017-01-23 14:45:22,501:501.199960709 - ubuntu_sso.utils.translation - WARNING - Translations not found, using null translator.
2017-01-23 14:45:22,539:539.284944534 - ubuntu_sso.main - INFO - Setting up Ubuntu SSO service.
2017-01-23 14:45:22,554:554.084062576 - ubuntu_sso.main - INFO - Ubuntu SSO service started.
2017-01-23 14:45:22,554:554.219007492 - ubuntu_sso.account - INFO - Creating a new SSO access layer for service url u'https://login.ubuntu.com/api/1.0/'
2017-01-23 14:45:22,583:583.183050156 - ubuntu_sso.credentials - INFO - find_credentials: self.app_name dbus.String(u'Ubuntu One'), result is {}? True
2017-01-23 14:45:22,583:583.456993103 - ubuntu_sso.main - INFO - 'CredentialsManagement': emitting 'CredentialsNotFound' with args (dbus.String(u'Ubuntu One'),) and kwargs {}
2017-01-23 14:45:32,594:594.211101532 - ubuntu_sso.main - INFO - Shutting down, calling <function shutdown_func at 0x7fb26a8c5848>.
2017-01-23 14:50:23,352:352.065086365 - ubuntu_sso.utils.translation - WARNING - Translations not found, using null translator.
2017-01-23 14:50:23,371:371.397018433 - ubuntu_sso.main - INFO - Setting up Ubuntu SSO service.
2017-01-23 14:50:23,380:380.271911621 - ubuntu_sso.main - INFO - Ubuntu SSO service started.
2017-01-23 14:50:23,380:380.460977554 - ubuntu_sso.account - INFO - Creating a new SSO access layer for service url u'https://login.ubuntu.com/api/1.0/'
2017-01-23 14:50:23,387:387.073040009 - ubuntu_sso.credentials - INFO - find_credentials: self.app_name dbus.String(u'Ubuntu One'), result is {}? True
2017-01-23 14:50:23,387:387.227058411 - ubuntu_sso.main - INFO - 'CredentialsManagement': emitting 'CredentialsNotFound' with args (dbus.String(u'Ubuntu One'),) and kwargs {}
2017-01-23 14:50:33,398:398.776054382 - ubuntu_sso.main - INFO - Shutting down, calling <function shutdown_func at 0x7f6934317848>.
2017-01-23 14:55:23,430:430.562019348 - ubuntu_sso.utils.translation - WARNING - Translations not found, using null translator.
2017-01-23 14:55:23,475:475.953102112 - ubuntu_sso.main - INFO - Setting up Ubuntu SSO service.
2017-01-23 14:55:23,489:489.706039429 - ubuntu_sso.main - INFO - Ubuntu SSO service started.
2017-01-23 14:55:23,489:489.849090576 - ubuntu_sso.account - INFO - Creating a new SSO access layer for service url u'https://login.ubuntu.com/api/1.0/'
2017-01-23 14:55:23,522:522.082090378 - ubuntu_sso.credentials - INFO - find_credentials: self.app_name dbus.String(u'Ubuntu One'), result is {}? True
2017-01-23 14:55:23,522:522.332906723 - ubuntu_sso.main - INFO - 'CredentialsManagement': emitting 'CredentialsNotFound' with args (dbus.String(u'Ubuntu One'),) and kwargs {}
2017-01-23 14:55:33,533:533.215999603 - ubuntu_sso.main - INFO - Shutting down, calling <function shutdown_func at 0x7ffb81e37848>.
2017-01-23 15:12:18,345:345.484018326 - ubuntu_sso.utils.translation - WARNING - Translations not found, using null translator.
2017-01-23 15:12:18,358:358.57796669 - ubuntu_sso.main - INFO - Setting up Ubuntu SSO service.
2017-01-23 15:12:18,363:363.051891327 - ubuntu_sso.main - INFO - Ubuntu SSO service started.
2017-01-23 15:12:18,363:363.190889359 - ubuntu_sso.account - INFO - Creating a new SSO access layer for service url u'https://login.ubuntu.com/api/1.0/'
2017-01-23 15:12:18,369:369.00305748 - ubuntu_sso.credentials - INFO - find_credentials: self.app_name dbus.String(u'Ubuntu One'), result is {}? True
2017-01-23 15:12:18,369:369.148015976 - ubuntu_sso.main - INFO - 'CredentialsManagement': emitting 'CredentialsNotFound' with args (dbus.String(u'Ubuntu One'),) and kwargs {}
2017-01-23 15:12:28,380:380.103111267 - ubuntu_sso.main - INFO - Shutting down, calling <function shutdown_func at 0x7fb438524848>.
2017-01-23 15:17:18,374:374.825000763 - ubuntu_sso.utils.translation - WARNING - Translations not found, using null translator.
2017-01-23 15:17:18,387:387.862920761 - ubuntu_sso.main - INFO - Setting up Ubuntu SSO service.
2017-01-23 15:17:18,391:391.83807373 - ubuntu_sso.main - INFO - Ubuntu SSO service started.
2017-01-23 15:17:18,391:391.968011856 - ubuntu_sso.account - INFO - Creating a new SSO access layer for service url u'https://login.ubuntu.com/api/1.0/'
2017-01-23 15:17:18,398:398.761034012 - ubuntu_sso.credentials - INFO - find_credentials: self.app_name dbus.String(u'Ubuntu One'), result is {}? True
2017-01-23 15:17:18,398:398.984909058 - ubuntu_sso.main - INFO - 'CredentialsManagement': emitting 'CredentialsNotFound' with args (dbus.String(u'Ubuntu One'),) and kwargs {}
2017-01-23 15:17:28,407:407.226085663 - ubuntu_sso.main - INFO - Shutting down, calling <function shutdown_func at 0x7f5589182848>.
2017-01-23 15:57:17,360:360.529899597 - ubuntu_sso.utils.translation - WARNING - Translations not found, using null translator.
2017-01-23 15:57:17,376:376.878023148 - ubuntu_sso.main - INFO - Setting up Ubuntu SSO service.
2017-01-23 15:57:17,381:381.511926651 - ubuntu_sso.main - INFO - Ubuntu SSO service started.
2017-01-23 15:57:17,381:381.644010544 - ubuntu_sso.account - INFO - Creating a new SSO access layer for service url u'https://login.ubuntu.com/api/1.0/'
2017-01-23 15:57:17,387:387.407064438 - ubuntu_sso.credentials - INFO - find_credentials: self.app_name dbus.String(u'Ubuntu One'), result is {}? True
2017-01-23 15:57:17,387:387.543916702 - ubuntu_sso.main - INFO - 'CredentialsManagement': emitting 'CredentialsNotFound' with args (dbus.String(u'Ubuntu One'),) and kwargs {}
2017-01-23 15:57:27,398:398.220062256 - ubuntu_sso.main - INFO - Shutting down, calling <function shutdown_func at 0x7f48a925f848>.
2017-01-23 16:02:17,356:356.287956238 - ubuntu_sso.utils.translation - WARNING - Translations not found, using null translator.
2017-01-23 16:02:17,372:372.912883759 - ubuntu_sso.main - INFO - Setting up Ubuntu SSO service.
2017-01-23 16:02:17,381:381.124973297 - ubuntu_sso.main - INFO - Ubuntu SSO service started.
2017-01-23 16:02:17,381:381.329059601 - ubuntu_sso.account - INFO - Creating a new SSO access layer for service url u'https://login.ubuntu.com/api/1.0/'
2017-01-23 16:02:17,389:389.018058777 - ubuntu_sso.credentials - INFO - find_credentials: self.app_name dbus.String(u'Ubuntu One'), result is {}? True
2017-01-23 16:02:17,389:389.215946198 - ubuntu_sso.main - INFO - 'CredentialsManagement': emitting 'CredentialsNotFound' with args (dbus.String(u'Ubuntu One'),) and kwargs {}
2017-01-23 16:02:27,396:396.816968918 - ubuntu_sso.main - INFO - Shutting down, calling <function shutdown_func at 0x7f5faaecd848>.
